<?xml version="1.0" encoding="UTF-8" ?>
<testsuite errors="0" failures="1" hostname="taylors-mbp.mobile.asu.edu" name="net.sf.memoranda.tests.CalendarDateTest" skipped="0" tests="3" time="0.197" timestamp="2016-02-12T23:20:49">
  <properties>
    <property name="java.vendor" value="Oracle Corporation" />
    <property name="lib.dir" value="/Users/tdscott/Documents/CST316TA/Online/spring16project-Team-Milipitas/lib" />
    <property name="sun.java.launcher" value="SUN_STANDARD" />
    <property name="sun.management.compiler" value="HotSpot 64-Bit Tiered Compilers" />
    <property name="os.name" value="Mac OS X" />
    <property name="sun.boot.class.path" value="/Library/Java/JavaVirtualMachines/jdk1.8.0_72.jdk/Contents/Home/jre/lib/resources.jar:/Library/Java/JavaVirtualMachines/jdk1.8.0_72.jdk/Contents/Home/jre/lib/rt.jar:/Library/Java/JavaVirtualMachines/jdk1.8.0_72.jdk/Contents/Home/jre/lib/sunrsasign.jar:/Library/Java/JavaVirtualMachines/jdk1.8.0_72.jdk/Contents/Home/jre/lib/jsse.jar:/Library/Java/JavaVirtualMachines/jdk1.8.0_72.jdk/Contents/Home/jre/lib/jce.jar:/Library/Java/JavaVirtualMachines/jdk1.8.0_72.jdk/Contents/Home/jre/lib/charsets.jar:/Library/Java/JavaVirtualMachines/jdk1.8.0_72.jdk/Contents/Home/jre/lib/jfr.jar:/Library/Java/JavaVirtualMachines/jdk1.8.0_72.jdk/Contents/Home/jre/classes" />
    <property name="TODAY" value="February 12 2016" />
    <property name="build.number" value="164" />
    <property name="java.vm.specification.vendor" value="Oracle Corporation" />
    <property name="ant.home" value="/usr/local/Cellar/ant/1.9.6/libexec" />
    <property name="java.runtime.version" value="1.8.0_72-ea-b05" />
    <property name="ant.file.Memoranda" value="/Users/tdscott/Documents/CST316TA/Online/spring16project-Team-Milipitas/build.xml" />
    <property name="user.name" value="tdscott" />
    <property name="debug" value="off" />
    <property name="build.dir" value="/Users/tdscott/Documents/CST316TA/Online/spring16project-Team-Milipitas/build" />
    <property name="user.language" value="en" />
    <property name="sun.boot.library.path" value="/Library/Java/JavaVirtualMachines/jdk1.8.0_72.jdk/Contents/Home/jre/lib" />
    <property name="ant.project.default-target" value="package" />
    <property name="ant.project.name" value="Memoranda" />
    <property name="DSTAMP" value="20160212" />
    <property name="java.version" value="1.8.0_72-ea" />
    <property name="version" value="1.0-rc3.1" />
    <property name="user.timezone" value="" />
    <property name="jarname" value="memoranda.jar" />
    <property name="sun.arch.data.model" value="64" />
    <property name="http.nonProxyHosts" value="local|*.local|169.254/16|*.169.254/16" />
    <property name="java.endorsed.dirs" value="/Library/Java/JavaVirtualMachines/jdk1.8.0_72.jdk/Contents/Home/jre/lib/endorsed" />
    <property name="sun.cpu.isalist" value="" />
    <property name="sun.jnu.encoding" value="UTF-8" />
    <property name="file.encoding.pkg" value="sun.io" />
    <property name="tests.findbugs.dir" value="/Users/tdscott/Documents/CST316TA/Online/spring16project-Team-Milipitas/build/tests/findbugs" />
    <property name="file.separator" value="/" />
    <property name="java.specification.name" value="Java Platform API Specification" />
    <property name="java.class.version" value="52.0" />
    <property name="build.classes.dir" value="/Users/tdscott/Documents/CST316TA/Online/spring16project-Team-Milipitas/build" />
    <property name="user.country" value="US" />
    <property name="java.home" value="/Library/Java/JavaVirtualMachines/jdk1.8.0_72.jdk/Contents/Home/jre" />
    <property name="dist.dir" value="/Users/tdscott/Documents/CST316TA/Online/spring16project-Team-Milipitas/dist" />
    <property name="tests.jacoco.dir" value="/Users/tdscott/Documents/CST316TA/Online/spring16project-Team-Milipitas/build/tests/jacoco" />
    <property name="optimize" value="off" />
    <property name="java.vm.info" value="mixed mode" />
    <property name="ant.file" value="/Users/tdscott/Documents/CST316TA/Online/spring16project-Team-Milipitas/build.xml" />
    <property name="os.version" value="10.11.4" />
    <property name="path.separator" value=":" />
    <property name="ant.file.type.Memoranda" value="file" />
    <property name="java.vm.version" value="25.72-b05" />
    <property name="ant.library.dir" value="/usr/local/Cellar/ant/1.9.6/libexec/lib" />
    <property name="java.awt.printerjob" value="sun.lwawt.macosx.CPrinterJob" />
    <property name="sun.io.unicode.encoding" value="UnicodeBig" />
    <property name="awt.toolkit" value="sun.lwawt.macosx.LWCToolkit" />
    <property name="_jacoco.agentFile" value="/var/folders/nq/gdgmz68x6lsds32lcnzlj95c0000gn/T/jacocoagent4816018041178481296.jar" />
    <property name="socksNonProxyHosts" value="local|*.local|169.254/16|*.169.254/16" />
    <property name="ftp.nonProxyHosts" value="local|*.local|169.254/16|*.169.254/16" />
    <property name="main.class" value="net.sf.memoranda.Start" />
    <property name="user.home" value="/Users/tdscott" />
    <property name="java.specification.vendor" value="Oracle Corporation" />
    <property name="java.library.path" value="/Users/tdscott/Library/Java/Extensions:/Library/Java/Extensions:/Network/Library/Java/Extensions:/System/Library/Java/Extensions:/usr/lib/java:." />
    <property name="name" value="memoranda" />
    <property name="java.vendor.url" value="http://java.oracle.com/" />
    <property name="java.vm.vendor" value="Oracle Corporation" />
    <property name="tests.checkstyle.dir" value="/Users/tdscott/Documents/CST316TA/Online/spring16project-Team-Milipitas/build/tests/checkstyle" />
    <property name="gopherProxySet" value="false" />
    <property name="java.runtime.name" value="Java(TM) SE Runtime Environment" />
    <property name="sun.java.command" value="org.apache.tools.ant.taskdefs.optional.junit.JUnitTestRunner net.sf.memoranda.tests.CalendarDateTest skipNonTests=false filtertrace=true haltOnError=false haltOnFailure=true formatter=org.apache.tools.ant.taskdefs.optional.junit.OutErrSummaryJUnitResultFormatter showoutput=false outputtoformatters=true logfailedtests=true threadid=0 logtestlistenerevents=false formatter=org.apache.tools.ant.taskdefs.optional.junit.XMLJUnitResultFormatter,/Users/tdscott/Documents/CST316TA/Online/spring16project-Team-Milipitas/build/tests/junit/TEST-net.sf.memoranda.tests.CalendarDateTest.xml crashfile=/Users/tdscott/Documents/CST316TA/Online/spring16project-Team-Milipitas/junitvmwatcher962565615528672231.properties propsfile=/Users/tdscott/Documents/CST316TA/Online/spring16project-Team-Milipitas/junit4985435066418504165.properties" />
    <property name="java.class.path" value="/Users/tdscott/Documents/CST316TA/Online/spring16project-Team-Milipitas/build:/Users/tdscott/Documents/CST316TA/Online/spring16project-Team-Milipitas/lib/asm-debug-all-5.0.2.jar:/Users/tdscott/Documents/CST316TA/Online/spring16project-Team-Milipitas/lib/bcel-6.0-SNAPSHOT.jar:/Users/tdscott/Documents/CST316TA/Online/spring16project-Team-Milipitas/lib/checkstyle-6.15-all.jar:/Users/tdscott/Documents/CST316TA/Online/spring16project-Team-Milipitas/lib/commons-io-2.4.jar:/Users/tdscott/Documents/CST316TA/Online/spring16project-Team-Milipitas/lib/commons-lang-2.6.jar:/Users/tdscott/Documents/CST316TA/Online/spring16project-Team-Milipitas/lib/commons-lang3-3.3.2.jar:/Users/tdscott/Documents/CST316TA/Online/spring16project-Team-Milipitas/lib/dom4j-1.6.1.jar:/Users/tdscott/Documents/CST316TA/Online/spring16project-Team-Milipitas/lib/findbugs-ant.jar:/Users/tdscott/Documents/CST316TA/Online/spring16project-Team-Milipitas/lib/findbugs.jar:/Users/tdscott/Documents/CST316TA/Online/spring16project-Team-Milipitas/lib/jFormatString.jar:/Users/tdscott/Documents/CST316TA/Online/spring16project-Team-Milipitas/lib/jacocoagent.jar:/Users/tdscott/Documents/CST316TA/Online/spring16project-Team-Milipitas/lib/jacocoant.jar:/Users/tdscott/Documents/CST316TA/Online/spring16project-Team-Milipitas/lib/javax.mail.jar:/Users/tdscott/Documents/CST316TA/Online/spring16project-Team-Milipitas/lib/jaxen-1.1.6.jar:/Users/tdscott/Documents/CST316TA/Online/spring16project-Team-Milipitas/lib/jsr305.jar:/Users/tdscott/Documents/CST316TA/Online/spring16project-Team-Milipitas/lib/junit-4.10.jar:/Users/tdscott/Documents/CST316TA/Online/spring16project-Team-Milipitas/lib/nekohtml.jar:/Users/tdscott/Documents/CST316TA/Online/spring16project-Team-Milipitas/lib/nekohtmlXni.jar:/Users/tdscott/Documents/CST316TA/Online/spring16project-Team-Milipitas/lib/swag.jar:/Users/tdscott/Documents/CST316TA/Online/spring16project-Team-Milipitas/lib/swexpl.jar:/Users/tdscott/Documents/CST316TA/Online/spring16project-Team-Milipitas/lib/xercesImpl.jar:/Users/tdscott/Documents/CST316TA/Online/spring16project-Team-Milipitas/lib/xmlParserAPIs.jar:/Users/tdscott/Documents/CST316TA/Online/spring16project-Team-Milipitas/lib/xom-1.0.jar:/usr/local/Cellar/ant/1.9.6/libexec/lib/ant-launcher.jar:/usr/local/Cellar/ant/1.9.6/libexec/lib/ant.jar:/usr/local/Cellar/ant/1.9.6/libexec/lib/ant-junit.jar:/usr/local/Cellar/ant/1.9.6/libexec/lib/ant-junit4.jar:/var/folders/nq/gdgmz68x6lsds32lcnzlj95c0000gn/T/jacocoagent4816018041178481296.jar" />
    <property name="ant.version" value="Apache Ant(TM) version 1.9.6 compiled on June 29 2015" />
    <property name="TSTAMP" value="1620" />
    <property name="java.vm.specification.name" value="Java Virtual Machine Specification" />
    <property name="ant.file.type" value="file" />
    <property name="java.vm.specification.version" value="1.8" />
    <property name="sun.os.patch.level" value="unknown" />
    <property name="sun.cpu.endian" value="little" />
    <property name="debuglevel" value="lines,vars,source" />
    <property name="java.io.tmpdir" value="/var/folders/nq/gdgmz68x6lsds32lcnzlj95c0000gn/T/" />
    <property name="java.vendor.url.bug" value="http://bugreport.sun.com/bugreport/" />
    <property name="os.arch" value="x86_64" />
    <property name="java.awt.graphicsenv" value="sun.awt.CGraphicsEnvironment" />
    <property name="java.ext.dirs" value="/Users/tdscott/Library/Java/Extensions:/Library/Java/JavaVirtualMachines/jdk1.8.0_72.jdk/Contents/Home/jre/lib/ext:/Library/Java/Extensions:/Network/Library/Java/Extensions:/System/Library/Java/Extensions:/usr/lib/java" />
    <property name="tests.dir" value="/Users/tdscott/Documents/CST316TA/Online/spring16project-Team-Milipitas/build/tests" />
    <property name="user.dir" value="/Users/tdscott/Documents/CST316TA/Online/spring16project-Team-Milipitas" />
    <property name="line.separator" value="&#xa;" />
    <property name="java.vm.name" value="Java HotSpot(TM) 64-Bit Server VM" />
    <property name="deprecation" value="off" />
    <property name="basedir" value="/Users/tdscott/Documents/CST316TA/Online/spring16project-Team-Milipitas" />
    <property name="ant.java.version" value="1.8" />
    <property name="ant.core.lib" value="/usr/local/Cellar/ant/1.9.6/libexec/lib/ant.jar" />
    <property name="file.encoding" value="UTF-8" />
    <property name="source.dir" value="/Users/tdscott/Documents/CST316TA/Online/spring16project-Team-Milipitas/src" />
    <property name="tests.junit.dir" value="/Users/tdscott/Documents/CST316TA/Online/spring16project-Team-Milipitas/build/tests/junit" />
    <property name="java.specification.version" value="1.8" />
    <property name="ant.project.invoked-targets" value="junit" />
  </properties>
  <testcase classname="net.sf.memoranda.tests.CalendarDateTest" name="afterTest" time="0.002" />
  <testcase classname="net.sf.memoranda.tests.CalendarDateTest" name="equalsTest" time="0.0" />
  <testcase classname="net.sf.memoranda.tests.CalendarDateTest" name="beforeTest" time="0.006">
    <failure type="junit.framework.AssertionFailedError">junit.framework.AssertionFailedError
	at net.sf.memoranda.tests.CalendarDateTest.beforeTest(Unknown Source)
</failure>
  </testcase>
  <system-out><![CDATA[]]></system-out>
  <system-err><![CDATA[]]></system-err>
</testsuite>
